2025-10-06 20:35:56 info: Usuário criado: teste1759793756214@email.com (ID: undefined)
2025-10-06 20:35:56 info: Listagem de usuários retornou 1 registros
2025-10-06 20:35:56 info: Usuário encontrado: joao@email.com (ID: undefined)
2025-10-06 20:35:56 info: Usuário atualizado: ana@email.com (ID: undefined)
2025-10-06 20:35:56 info: Usuário deletado: ID 68e4525cc5b6ffe3242cfec1
2025-10-06 20:35:56 error: MongoServerError: E11000 duplicate key error collection: Plugcalifa.users index: email_1 dup key: { email: "duplicado1759793756651@email.com" }
    at InsertOneOperation.execute (/Users/user/Desktop/CRUD NODE JS  (NIVEL SENIOR)/node_modules/mongodb/src/operations/insert.ts:88:13)
    at processTicksAndRejections (node:internal/process/task_queues:105:5)
    at tryOperation (/Users/user/Desktop/CRUD NODE JS  (NIVEL SENIOR)/node_modules/mongodb/src/operations/execute_operation.ts:283:14)
    at executeOperation (/Users/user/Desktop/CRUD NODE JS  (NIVEL SENIOR)/node_modules/mongodb/src/operations/execute_operation.ts:115:12)
    at Collection.insertOne (/Users/user/Desktop/CRUD NODE JS  (NIVEL SENIOR)/node_modules/mongodb/src/collection.ts:286:12)
2025-10-06 20:35:56 error: CastError: Cast to ObjectId failed for value "123" (type string) at path "_id" for model "User"
    at SchemaObjectId.cast (/Users/user/Desktop/CRUD NODE JS  (NIVEL SENIOR)/node_modules/mongoose/lib/schema/objectId.js:251:11)
    at SchemaObjectId.SchemaType.applySetters (/Users/user/Desktop/CRUD NODE JS  (NIVEL SENIOR)/node_modules/mongoose/lib/schemaType.js:1258:12)
    at SchemaObjectId.SchemaType.castForQuery (/Users/user/Desktop/CRUD NODE JS  (NIVEL SENIOR)/node_modules/mongoose/lib/schemaType.js:1694:17)
    at cast (/Users/user/Desktop/CRUD NODE JS  (NIVEL SENIOR)/node_modules/mongoose/lib/cast.js:390:32)
    at model.Query.Query.cast (/Users/user/Desktop/CRUD NODE JS  (NIVEL SENIOR)/node_modules/mongoose/lib/query.js:5060:12)
    at model.Query.Query._castConditions (/Users/user/Desktop/CRUD NODE JS  (NIVEL SENIOR)/node_modules/mongoose/lib/query.js:2374:10)
    at model.Query._findOne (/Users/user/Desktop/CRUD NODE JS  (NIVEL SENIOR)/node_modules/mongoose/lib/query.js:2697:8)
    at model.Query.exec (/Users/user/Desktop/CRUD NODE JS  (NIVEL SENIOR)/node_modules/mongoose/lib/query.js:4627:80)
    at processTicksAndRejections (node:internal/process/task_queues:105:5)
    at UserRepository.findById (/Users/user/Desktop/CRUD NODE JS  (NIVEL SENIOR)/src/repositories/userRepository.js:14:12)
    at UserService.getUserById (/Users/user/Desktop/CRUD NODE JS  (NIVEL SENIOR)/src/services/userService.js:19:18)
    at getUserById (/Users/user/Desktop/CRUD NODE JS  (NIVEL SENIOR)/src/controllers/userController.js:33:18)
2025-10-06 20:35:56 warn: Tentativa de atualizar usuário inexistente: ID 68e4525cc5b6ffe3242cfecc
2025-10-06 20:35:56 warn: Tentativa de deletar usuário inexistente: ID 68e4525cc5b6ffe3242cfecf
2025-10-06 20:39:16 info: Usuário criado: maria@example.com (ID: undefined)
2025-10-06 20:39:55 info: Usuário criado: teste1759793995547@email.com (ID: undefined)
2025-10-06 20:39:55 info: Listagem de usuários retornou 1 registros
2025-10-06 20:39:55 info: Usuário encontrado: joao@email.com (ID: undefined)
2025-10-06 20:39:55 info: Usuário atualizado: ana@email.com (ID: undefined)
2025-10-06 20:39:55 info: Usuário deletado: ID 68e4534b95e0d27d8de60421
2025-10-06 20:39:56 error: MongoServerError: E11000 duplicate key error collection: Plugcalifa.users index: email_1 dup key: { email: "duplicado1759793996005@email.com" }
    at InsertOneOperation.execute (/Users/user/Desktop/CRUD NODE JS  (NIVEL SENIOR)/node_modules/mongodb/src/operations/insert.ts:88:13)
    at processTicksAndRejections (node:internal/process/task_queues:105:5)
    at tryOperation (/Users/user/Desktop/CRUD NODE JS  (NIVEL SENIOR)/node_modules/mongodb/src/operations/execute_operation.ts:283:14)
    at executeOperation (/Users/user/Desktop/CRUD NODE JS  (NIVEL SENIOR)/node_modules/mongodb/src/operations/execute_operation.ts:115:12)
    at Collection.insertOne (/Users/user/Desktop/CRUD NODE JS  (NIVEL SENIOR)/node_modules/mongodb/src/collection.ts:286:12)
2025-10-06 20:39:56 error: CastError: Cast to ObjectId failed for value "123" (type string) at path "_id" for model "User"
    at SchemaObjectId.cast (/Users/user/Desktop/CRUD NODE JS  (NIVEL SENIOR)/node_modules/mongoose/lib/schema/objectId.js:251:11)
    at SchemaObjectId.SchemaType.applySetters (/Users/user/Desktop/CRUD NODE JS  (NIVEL SENIOR)/node_modules/mongoose/lib/schemaType.js:1258:12)
    at SchemaObjectId.SchemaType.castForQuery (/Users/user/Desktop/CRUD NODE JS  (NIVEL SENIOR)/node_modules/mongoose/lib/schemaType.js:1694:17)
    at cast (/Users/user/Desktop/CRUD NODE JS  (NIVEL SENIOR)/node_modules/mongoose/lib/cast.js:390:32)
    at model.Query.Query.cast (/Users/user/Desktop/CRUD NODE JS  (NIVEL SENIOR)/node_modules/mongoose/lib/query.js:5060:12)
    at model.Query.Query._castConditions (/Users/user/Desktop/CRUD NODE JS  (NIVEL SENIOR)/node_modules/mongoose/lib/query.js:2374:10)
    at model.Query._findOne (/Users/user/Desktop/CRUD NODE JS  (NIVEL SENIOR)/node_modules/mongoose/lib/query.js:2697:8)
    at model.Query.exec (/Users/user/Desktop/CRUD NODE JS  (NIVEL SENIOR)/node_modules/mongoose/lib/query.js:4627:80)
    at processTicksAndRejections (node:internal/process/task_queues:105:5)
    at UserRepository.findById (/Users/user/Desktop/CRUD NODE JS  (NIVEL SENIOR)/src/repositories/userRepository.js:14:12)
    at UserService.getUserById (/Users/user/Desktop/CRUD NODE JS  (NIVEL SENIOR)/src/services/userService.js:19:18)
    at getUserById (/Users/user/Desktop/CRUD NODE JS  (NIVEL SENIOR)/src/controllers/userController.js:33:18)
2025-10-06 20:39:56 warn: Tentativa de atualizar usuário inexistente: ID 68e4534c95e0d27d8de6042c
2025-10-06 20:39:56 warn: Tentativa de deletar usuário inexistente: ID 68e4534c95e0d27d8de6042f
